c:\users\turbotage\documents\gitrepos\ngmath\ngmath\x64\release\vc141.pdb
c:\users\turbotage\documents\gitrepos\ngmath\ngmath\x64\release\vec4f.obj
c:\users\turbotage\documents\gitrepos\ngmath\ngmath\x64\release\vec3s.obj
c:\users\turbotage\documents\gitrepos\ngmath\ngmath\x64\release\vec3i.obj
c:\users\turbotage\documents\gitrepos\ngmath\ngmath\x64\release\vec3f.obj
c:\users\turbotage\documents\gitrepos\ngmath\ngmath\x64\release\vec2f.obj
c:\users\turbotage\documents\gitrepos\ngmath\ngmath\x64\release\quaternion.obj
c:\users\turbotage\documents\gitrepos\ngmath\ngmath\x64\release\plane.obj
c:\users\turbotage\documents\gitrepos\ngmath\ngmath\x64\release\mat4f.obj
c:\users\turbotage\documents\gitrepos\ngmath\ngmath\x64\release\main_math.obj
c:\users\turbotage\documents\gitrepos\ngmath\ngmath\x64\release\fft.obj
c:\users\turbotage\documents\gitrepos\ngmath\ngmath\x64\release\dyn_vec.obj
c:\users\turbotage\documents\gitrepos\ngmath\ngmath\x64\release\dyn_mat.obj
c:\users\turbotage\documents\gitrepos\ngmath\x64\release\ngmath.dll
c:\users\turbotage\documents\gitrepos\ngmath\x64\release\ngmath.pdb
c:\users\turbotage\documents\gitrepos\ngmath\x64\release\ngmath.ipdb
c:\users\turbotage\documents\gitrepos\ngmath\x64\release\ngmath.iobj
c:\users\turbotage\documents\github\ngmath\ngmath\x64\release\dyn_mat.obj
c:\users\turbotage\documents\github\ngmath\ngmath\x64\release\dyn_vec.obj
c:\users\turbotage\documents\github\ngmath\ngmath\x64\release\fft.obj
c:\users\turbotage\documents\github\ngmath\ngmath\x64\release\main_math.obj
c:\users\turbotage\documents\github\ngmath\ngmath\x64\release\mat4f.obj
c:\users\turbotage\documents\github\ngmath\ngmath\x64\release\plane.obj
c:\users\turbotage\documents\github\ngmath\ngmath\x64\release\quaternion.obj
c:\users\turbotage\documents\github\ngmath\ngmath\x64\release\vec2f.obj
c:\users\turbotage\documents\github\ngmath\ngmath\x64\release\vec3f.obj
c:\users\turbotage\documents\github\ngmath\ngmath\x64\release\vec3i.obj
c:\users\turbotage\documents\github\ngmath\ngmath\x64\release\vec3s.obj
c:\users\turbotage\documents\github\ngmath\ngmath\x64\release\vec4f.obj
c:\users\turbotage\documents\github\ngmath\ngmath\x64\release\vc141.pdb
c:\users\turbotage\documents\github\ngmath\x64\release\ngmath.pdb
c:\users\turbotage\documents\github\ngmath\ngmath\x64\release\ngmath.tlog\cl.command.1.tlog
c:\users\turbotage\documents\github\ngmath\ngmath\x64\release\ngmath.tlog\cl.read.1.tlog
c:\users\turbotage\documents\github\ngmath\ngmath\x64\release\ngmath.tlog\cl.write.1.tlog
c:\users\turbotage\documents\github\ngmath\ngmath\x64\release\ngmath.tlog\link.command.1.tlog
c:\users\turbotage\documents\github\ngmath\ngmath\x64\release\ngmath.tlog\link.read.1.tlog
c:\users\turbotage\documents\github\ngmath\ngmath\x64\release\ngmath.tlog\link.write.1.tlog
c:\users\turbotage\documents\github\ngmath\ngmath\x64\release\ngmath.tlog\ngmath.write.1u.tlog
